PID 10445 received SIGSEGV for address: 0x20
0   segfault-handler.node               0x00000001022f5168 _ZL16segfault_handleriP9__siginfoPv + 280
1   libsystem_platform.dylib            0x00007fff9417db3a _sigtramp + 26
2   node                                0x0000000100000001 node + 1
3   iohook.node                         0x00000001047d9c90 hook_event_proc + 2000
4   SkyLight                            0x00007fff9028ec80 processDecodedEventRef + 204
5   SkyLight                            0x00007fff9028e46a processEventTapData + 544
6   SkyLight                            0x00007fff90363ce1 _XPostEventTapData + 280
7   SkyLight                            0x00007fff9028e1f4 eventTapMessageHandler + 137
8   CoreFoundation                      0x00007fff7e7f01ed __CFMachPortPerform + 253
9   CoreFoundation                      0x00007fff7e7f00d9 __CFRUNLOOP_IS_CALLING_OUT_TO_A_SOURCE1_PERFORM_FUNCTION__ + 41
10  CoreFoundation                      0x00007fff7e7f0051 __CFRunLoopDoSource1 + 465
11  CoreFoundation                      0x00007fff7e7e7cc5 __CFRunLoopRun + 2389
12  CoreFoundation                      0x00007fff7e7e7114 CFRunLoopRunSpecific + 420
13  CoreFoundation                      0x00007fff7e826b91 CFRunLoopRun + 97
14  iohook.node                         0x00000001047dae15 hook_run + 1749
15  iohook.node                         0x00000001047d655e _Z16hook_thread_procPv + 14
16  libsystem_pthread.dylib             0x00007fff9418793b _pthread_body + 180
17  libsystem_pthread.dylib             0x00007fff94187887 _pthread_body + 0
18  libsystem_pthread.dylib             0x00007fff9418708d thread_start + 13
